2024-02-06 09:53:23,249 INFO C:\Users\kamal\OneDrive\Desktop\vechile rental system\rentalsystem\rentalsystemapp\serializer.py changed, reloading. 266
2024-02-06 09:53:23,777 INFO Watching for file changes with StatReloader 668
2024-02-06 09:53:26,619 INFO C:\Users\kamal\OneDrive\Desktop\vechile rental system\rentalsystem\rentalsystemapp\serializer.py changed, reloading. 266
2024-02-06 09:53:27,270 INFO Watching for file changes with StatReloader 668
2024-02-06 09:53:29,812 WARNING Bad Request: /create 241
2024-02-06 09:53:29,812 WARNING "POST /create HTTP/1.1" 400 128 212
2024-02-06 09:54:00,424 INFO C:\Users\kamal\OneDrive\Desktop\vechile rental system\rentalsystem\rentalsystemapp\serializer.py changed, reloading. 266
2024-02-06 09:54:01,116 INFO Watching for file changes with StatReloader 668
2024-02-06 09:54:03,951 INFO C:\Users\kamal\OneDrive\Desktop\vechile rental system\rentalsystem\rentalsystemapp\serializer.py changed, reloading. 266
2024-02-06 09:54:04,547 INFO Watching for file changes with StatReloader 668
2024-02-06 09:54:07,594 ERROR Field name `custsomer_picture` is not valid for model `Customer`. 61
2024-02-06 09:54:07,609 ERROR Internal Server Error: /create 241
2024-02-06 09:54:07,609 ERROR "POST /create HTTP/1.1" 500 60 212
2024-02-06 09:54:17,281 INFO C:\Users\kamal\OneDrive\Desktop\vechile rental system\rentalsystem\rentalsystemapp\serializer.py changed, reloading. 266
2024-02-06 09:54:17,981 INFO Watching for file changes with StatReloader 668
2024-02-06 09:54:20,198 WARNING Bad Request: /create 241
2024-02-06 09:54:20,198 WARNING "POST /create HTTP/1.1" 400 56 212
2024-02-06 09:54:38,357 INFO C:\Users\kamal\OneDrive\Desktop\vechile rental system\rentalsystem\rentalsystemapp\views.py changed, reloading. 266
2024-02-06 09:54:39,119 INFO Watching for file changes with StatReloader 668
2024-02-06 09:54:52,599 INFO C:\Users\kamal\OneDrive\Desktop\vechile rental system\rentalsystem\rentalsystemapp\views.py changed, reloading. 266
2024-02-06 09:54:53,275 INFO Watching for file changes with StatReloader 668
2024-02-06 09:54:58,258 INFO C:\Users\kamal\OneDrive\Desktop\vechile rental system\rentalsystem\rentalsystemapp\views.py changed, reloading. 266
2024-02-06 09:54:58,784 INFO Watching for file changes with StatReloader 668
2024-02-06 09:55:01,585 INFO C:\Users\kamal\OneDrive\Desktop\vechile rental system\rentalsystem\rentalsystemapp\views.py changed, reloading. 266
2024-02-06 09:55:02,140 INFO Watching for file changes with StatReloader 668
2024-02-06 09:55:09,187 INFO C:\Users\kamal\OneDrive\Desktop\vechile rental system\rentalsystem\rentalsystemapp\views.py changed, reloading. 266
2024-02-06 09:55:09,769 INFO Watching for file changes with StatReloader 668
2024-02-06 09:55:15,784 INFO C:\Users\kamal\OneDrive\Desktop\vechile rental system\rentalsystem\rentalsystemapp\views.py changed, reloading. 266
2024-02-06 09:55:16,452 INFO Watching for file changes with StatReloader 668
2024-02-06 09:55:24,670 INFO C:\Users\kamal\OneDrive\Desktop\vechile rental system\rentalsystem\rentalsystemapp\views.py changed, reloading. 266
2024-02-06 09:55:25,283 INFO Watching for file changes with StatReloader 668
2024-02-06 09:55:35,509 INFO C:\Users\kamal\OneDrive\Desktop\vechile rental system\rentalsystem\rentalsystemapp\views.py changed, reloading. 266
2024-02-06 09:55:36,081 INFO Watching for file changes with StatReloader 668
2024-02-06 09:55:37,930 INFO C:\Users\kamal\OneDrive\Desktop\vechile rental system\rentalsystem\rentalsystemapp\views.py changed, reloading. 266
2024-02-06 09:55:38,446 INFO Watching for file changes with StatReloader 668
2024-02-06 09:55:40,239 INFO C:\Users\kamal\OneDrive\Desktop\vechile rental system\rentalsystem\rentalsystemapp\views.py changed, reloading. 266
2024-02-06 09:55:40,834 INFO Watching for file changes with StatReloader 668
2024-02-06 09:55:49,014 INFO C:\Users\kamal\OneDrive\Desktop\vechile rental system\rentalsystem\rentalsystemapp\views.py changed, reloading. 266
2024-02-06 09:55:49,596 INFO Watching for file changes with StatReloader 668
2024-02-06 09:55:52,425 INFO C:\Users\kamal\OneDrive\Desktop\vechile rental system\rentalsystem\rentalsystemapp\views.py changed, reloading. 266
2024-02-06 09:55:52,950 INFO Watching for file changes with StatReloader 668
2024-02-06 09:55:55,783 INFO C:\Users\kamal\OneDrive\Desktop\vechile rental system\rentalsystem\rentalsystemapp\views.py changed, reloading. 266
2024-02-06 09:55:56,362 INFO Watching for file changes with StatReloader 668
2024-02-06 09:55:58,139 INFO C:\Users\kamal\OneDrive\Desktop\vechile rental system\rentalsystem\rentalsystemapp\views.py changed, reloading. 266
2024-02-06 09:55:58,699 INFO Watching for file changes with StatReloader 668
2024-02-06 09:56:02,561 INFO C:\Users\kamal\OneDrive\Desktop\vechile rental system\rentalsystem\rentalsystemapp\views.py changed, reloading. 266
2024-02-06 09:56:03,149 INFO Watching for file changes with StatReloader 668
2024-02-06 09:56:07,087 INFO C:\Users\kamal\OneDrive\Desktop\vechile rental system\rentalsystem\rentalsystemapp\views.py changed, reloading. 266
2024-02-06 09:56:07,611 INFO Watching for file changes with StatReloader 668
2024-02-06 09:56:11,488 INFO C:\Users\kamal\OneDrive\Desktop\vechile rental system\rentalsystem\rentalsystemapp\views.py changed, reloading. 266
2024-02-06 09:56:12,130 INFO Watching for file changes with StatReloader 668
2024-02-06 09:56:14,911 INFO C:\Users\kamal\OneDrive\Desktop\vechile rental system\rentalsystem\rentalsystemapp\views.py changed, reloading. 266
2024-02-06 09:56:15,473 INFO Watching for file changes with StatReloader 668
2024-02-06 09:56:20,462 INFO C:\Users\kamal\OneDrive\Desktop\vechile rental system\rentalsystem\rentalsystemapp\views.py changed, reloading. 266
2024-02-06 09:56:20,991 INFO Watching for file changes with StatReloader 668
2024-02-06 09:56:29,138 INFO C:\Users\kamal\OneDrive\Desktop\vechile rental system\rentalsystem\rentalsystemapp\views.py changed, reloading. 266
2024-02-06 09:56:29,732 INFO Watching for file changes with StatReloader 668
2024-02-06 09:56:36,881 INFO C:\Users\kamal\OneDrive\Desktop\vechile rental system\rentalsystem\rentalsystemapp\views.py changed, reloading. 266
2024-02-06 09:56:37,472 INFO Watching for file changes with StatReloader 668
2024-02-06 09:56:39,332 INFO C:\Users\kamal\OneDrive\Desktop\vechile rental system\rentalsystem\rentalsystemapp\views.py changed, reloading. 266
2024-02-06 09:56:39,901 INFO Watching for file changes with StatReloader 668
2024-02-06 09:56:45,921 INFO C:\Users\kamal\OneDrive\Desktop\vechile rental system\rentalsystem\rentalsystemapp\views.py changed, reloading. 266
2024-02-06 09:56:46,526 INFO Watching for file changes with StatReloader 668
2024-02-06 09:56:56,087 WARNING Bad Request: /create 241
2024-02-06 09:56:56,087 WARNING "POST /create HTTP/1.1" 400 56 212
2024-02-06 09:57:12,177 INFO C:\Users\kamal\OneDrive\Desktop\vechile rental system\rentalsystem\rentalsystemapp\views.py changed, reloading. 266
2024-02-06 09:57:12,743 INFO Watching for file changes with StatReloader 668
2024-02-06 09:57:16,598 INFO C:\Users\kamal\OneDrive\Desktop\vechile rental system\rentalsystem\rentalsystemapp\views.py changed, reloading. 266
2024-02-06 09:57:17,154 INFO Watching for file changes with StatReloader 668
2024-02-06 09:57:21,101 INFO C:\Users\kamal\OneDrive\Desktop\vechile rental system\rentalsystem\rentalsystemapp\views.py changed, reloading. 266
2024-02-06 09:57:21,695 INFO Watching for file changes with StatReloader 668
2024-02-06 09:57:24,535 INFO C:\Users\kamal\OneDrive\Desktop\vechile rental system\rentalsystem\rentalsystemapp\views.py changed, reloading. 266
2024-02-06 09:57:25,078 INFO Watching for file changes with StatReloader 668
2024-02-06 09:57:27,948 INFO C:\Users\kamal\OneDrive\Desktop\vechile rental system\rentalsystem\rentalsystemapp\views.py changed, reloading. 266
2024-02-06 09:57:28,513 INFO Watching for file changes with StatReloader 668
2024-02-06 09:57:38,804 INFO C:\Users\kamal\OneDrive\Desktop\vechile rental system\rentalsystem\rentalsystemapp\views.py changed, reloading. 266
2024-02-06 09:57:39,365 INFO Watching for file changes with StatReloader 668
2024-02-06 09:57:45,280 INFO C:\Users\kamal\OneDrive\Desktop\vechile rental system\rentalsystem\rentalsystemapp\views.py changed, reloading. 266
2024-02-06 09:57:45,826 INFO Watching for file changes with StatReloader 668
2024-02-06 09:57:52,911 INFO C:\Users\kamal\OneDrive\Desktop\vechile rental system\rentalsystem\rentalsystemapp\views.py changed, reloading. 266
2024-02-06 09:57:53,450 INFO Watching for file changes with StatReloader 668
2024-02-06 09:57:58,410 INFO C:\Users\kamal\OneDrive\Desktop\vechile rental system\rentalsystem\rentalsystemapp\views.py changed, reloading. 266
2024-02-06 09:57:58,937 INFO Watching for file changes with StatReloader 668
2024-02-06 09:58:04,946 INFO C:\Users\kamal\OneDrive\Desktop\vechile rental system\rentalsystem\rentalsystemapp\views.py changed, reloading. 266
2024-02-06 09:58:05,492 INFO Watching for file changes with StatReloader 668
2024-02-06 09:58:08,282 INFO C:\Users\kamal\OneDrive\Desktop\vechile rental system\rentalsystem\rentalsystemapp\views.py changed, reloading. 266
2024-02-06 09:58:08,830 INFO Watching for file changes with StatReloader 668
2024-02-06 09:58:12,681 INFO C:\Users\kamal\OneDrive\Desktop\vechile rental system\rentalsystem\rentalsystemapp\views.py changed, reloading. 266
2024-02-06 09:58:13,246 INFO Watching for file changes with StatReloader 668
2024-02-06 09:58:18,137 INFO C:\Users\kamal\OneDrive\Desktop\vechile rental system\rentalsystem\rentalsystemapp\views.py changed, reloading. 266
2024-02-06 09:58:18,660 INFO Watching for file changes with StatReloader 668
2024-02-06 09:58:21,421 INFO C:\Users\kamal\OneDrive\Desktop\vechile rental system\rentalsystem\rentalsystemapp\views.py changed, reloading. 266
2024-02-06 09:58:21,971 INFO Watching for file changes with StatReloader 668
2024-02-06 09:58:24,818 INFO C:\Users\kamal\OneDrive\Desktop\vechile rental system\rentalsystem\rentalsystemapp\views.py changed, reloading. 266
2024-02-06 09:58:25,373 INFO Watching for file changes with StatReloader 668
2024-02-06 09:58:28,161 INFO C:\Users\kamal\OneDrive\Desktop\vechile rental system\rentalsystem\rentalsystemapp\views.py changed, reloading. 266
2024-02-06 09:58:28,708 INFO Watching for file changes with StatReloader 668
2024-02-06 09:58:32,608 INFO C:\Users\kamal\OneDrive\Desktop\vechile rental system\rentalsystem\rentalsystemapp\views.py changed, reloading. 266
2024-02-06 09:58:33,196 INFO Watching for file changes with StatReloader 668
2024-02-06 09:58:37,132 INFO C:\Users\kamal\OneDrive\Desktop\vechile rental system\rentalsystem\rentalsystemapp\views.py changed, reloading. 266
2024-02-06 09:58:37,661 INFO Watching for file changes with StatReloader 668
2024-02-06 09:58:57,695 INFO C:\Users\kamal\OneDrive\Desktop\vechile rental system\rentalsystem\rentalsystemapp\views.py changed, reloading. 266
2024-02-06 09:58:58,297 INFO Watching for file changes with StatReloader 668
2024-02-06 09:59:06,453 INFO C:\Users\kamal\OneDrive\Desktop\vechile rental system\rentalsystem\rentalsystemapp\views.py changed, reloading. 266
2024-02-06 09:59:06,999 INFO Watching for file changes with StatReloader 668
2024-02-06 09:59:08,746 INFO C:\Users\kamal\OneDrive\Desktop\vechile rental system\rentalsystem\rentalsystemapp\views.py changed, reloading. 266
2024-02-06 09:59:09,322 INFO Watching for file changes with StatReloader 668
2024-02-06 09:59:19,611 INFO C:\Users\kamal\OneDrive\Desktop\vechile rental system\rentalsystem\rentalsystemapp\views.py changed, reloading. 266
2024-02-06 09:59:20,237 INFO Watching for file changes with StatReloader 668
2024-02-06 10:00:05,871 INFO C:\Users\kamal\OneDrive\Desktop\vechile rental system\rentalsystem\rentalsystemapp\views.py changed, reloading. 266
2024-02-06 10:00:06,464 INFO Watching for file changes with StatReloader 668
2024-02-06 10:00:08,166 INFO C:\Users\kamal\OneDrive\Desktop\vechile rental system\rentalsystem\rentalsystemapp\views.py changed, reloading. 266
2024-02-06 10:00:08,750 INFO Watching for file changes with StatReloader 668
2024-02-06 10:00:10,441 INFO C:\Users\kamal\OneDrive\Desktop\vechile rental system\rentalsystem\rentalsystemapp\views.py changed, reloading. 266
2024-02-06 10:00:11,000 INFO Watching for file changes with StatReloader 668
2024-02-06 10:00:19,025 INFO C:\Users\kamal\OneDrive\Desktop\vechile rental system\rentalsystem\rentalsystemapp\urls.py changed, reloading. 266
2024-02-06 10:00:19,547 INFO Watching for file changes with StatReloader 668
2024-02-06 10:00:27,550 INFO C:\Users\kamal\OneDrive\Desktop\vechile rental system\rentalsystem\rentalsystemapp\urls.py changed, reloading. 266
2024-02-06 10:00:28,080 INFO Watching for file changes with StatReloader 668
2024-02-06 10:00:39,501 INFO C:\Users\kamal\OneDrive\Desktop\vechile rental system\rentalsystem\rentalsystemapp\urls.py changed, reloading. 266
2024-02-06 10:00:41,608 INFO Watching for file changes with StatReloader 668
2024-02-06 10:00:46,596 INFO C:\Users\kamal\OneDrive\Desktop\vechile rental system\rentalsystem\rentalsystemapp\urls.py changed, reloading. 266
2024-02-06 10:00:48,730 INFO Watching for file changes with StatReloader 668
2024-02-06 10:00:54,778 INFO C:\Users\kamal\OneDrive\Desktop\vechile rental system\rentalsystem\rentalsystemapp\urls.py changed, reloading. 266
2024-02-06 10:00:57,311 INFO Watching for file changes with StatReloader 668
2024-02-06 10:01:07,606 INFO C:\Users\kamal\OneDrive\Desktop\vechile rental system\rentalsystem\rentalsystemapp\urls.py changed, reloading. 266
2024-02-06 10:01:09,681 INFO Watching for file changes with StatReloader 668
2024-02-06 10:01:16,630 INFO C:\Users\kamal\OneDrive\Desktop\vechile rental system\rentalsystem\rentalsystemapp\urls.py changed, reloading. 266
2024-02-06 10:01:18,853 INFO Watching for file changes with StatReloader 668
2024-02-06 10:01:24,785 INFO C:\Users\kamal\OneDrive\Desktop\vechile rental system\rentalsystem\rentalsystemapp\urls.py changed, reloading. 266
2024-02-06 10:01:27,016 INFO Watching for file changes with StatReloader 668
2024-02-06 10:01:36,094 INFO C:\Users\kamal\OneDrive\Desktop\vechile rental system\rentalsystem\rentalsystemapp\urls.py changed, reloading. 266
2024-02-06 10:01:38,385 INFO Watching for file changes with StatReloader 668
2024-02-06 10:01:44,604 INFO C:\Users\kamal\OneDrive\Desktop\vechile rental system\rentalsystem\rentalsystemapp\urls.py changed, reloading. 266
2024-02-06 10:01:46,762 INFO Watching for file changes with StatReloader 668
2024-02-06 10:01:51,688 INFO C:\Users\kamal\OneDrive\Desktop\vechile rental system\rentalsystem\rentalsystemapp\urls.py changed, reloading. 266
2024-02-06 10:01:53,714 INFO Watching for file changes with StatReloader 668
2024-02-06 10:02:23,957 INFO C:\Users\kamal\OneDrive\Desktop\vechile rental system\rentalsystem\rentalsystemapp\urls.py changed, reloading. 266
2024-02-06 10:02:25,847 INFO Watching for file changes with StatReloader 668
2024-02-06 10:02:44,398 INFO C:\Users\kamal\OneDrive\Desktop\vechile rental system\rentalsystem\rentalsystemapp\urls.py changed, reloading. 266
2024-02-06 10:02:46,377 INFO Watching for file changes with StatReloader 668
2024-02-06 10:03:14,232 INFO C:\Users\kamal\OneDrive\Desktop\vechile rental system\rentalsystem\rentalsystemapp\urls.py changed, reloading. 266
2024-02-06 10:03:15,960 INFO Watching for file changes with StatReloader 668
2024-02-06 10:03:23,318 INFO C:\Users\kamal\OneDrive\Desktop\vechile rental system\rentalsystem\rentalsystemapp\urls.py changed, reloading. 266
2024-02-06 10:03:25,318 INFO Watching for file changes with StatReloader 668
2024-02-06 10:03:30,559 INFO C:\Users\kamal\OneDrive\Desktop\vechile rental system\rentalsystem\rentalsystemapp\urls.py changed, reloading. 266
2024-02-06 10:03:32,525 INFO Watching for file changes with StatReloader 668
2024-02-06 10:03:38,784 INFO C:\Users\kamal\OneDrive\Desktop\vechile rental system\rentalsystem\rentalsystemapp\urls.py changed, reloading. 266
2024-02-06 10:03:40,610 INFO Watching for file changes with StatReloader 668
2024-02-06 10:03:44,165 INFO C:\Users\kamal\OneDrive\Desktop\vechile rental system\rentalsystem\rentalsystemapp\urls.py changed, reloading. 266
2024-02-06 10:03:46,034 INFO Watching for file changes with StatReloader 668
2024-02-06 10:03:50,564 INFO C:\Users\kamal\OneDrive\Desktop\vechile rental system\rentalsystem\rentalsystemapp\urls.py changed, reloading. 266
2024-02-06 10:03:52,517 INFO Watching for file changes with StatReloader 668
2024-02-06 10:03:57,636 INFO C:\Users\kamal\OneDrive\Desktop\vechile rental system\rentalsystem\rentalsystemapp\urls.py changed, reloading. 266
2024-02-06 10:03:59,622 INFO Watching for file changes with StatReloader 668
2024-02-06 10:04:03,671 INFO C:\Users\kamal\OneDrive\Desktop\vechile rental system\rentalsystem\rentalsystemapp\urls.py changed, reloading. 266
2024-02-06 10:04:05,823 INFO Watching for file changes with StatReloader 668
2024-02-06 10:04:11,957 INFO C:\Users\kamal\OneDrive\Desktop\vechile rental system\rentalsystem\rentalsystemapp\urls.py changed, reloading. 266
2024-02-06 10:04:14,012 INFO Watching for file changes with StatReloader 668
2024-02-07 11:24:46,314 INFO Watching for file changes with StatReloader 668
2024-02-07 17:20:10,639 INFO Watching for file changes with StatReloader 668
2024-02-07 17:20:25,537 INFO C:\Users\kamal\OneDrive\Desktop\vechile rental system\rentalsystem\user\models.py changed, reloading. 266
2024-02-07 17:20:26,086 INFO Watching for file changes with StatReloader 668
2024-02-07 17:20:40,729 INFO C:\Users\kamal\OneDrive\Desktop\vechile rental system\rentalsystem\user\models.py changed, reloading. 266
2024-02-07 17:20:41,394 INFO Watching for file changes with StatReloader 668
2024-02-07 17:21:17,369 INFO C:\Users\kamal\OneDrive\Desktop\vechile rental system\rentalsystem\rentalsystem\settings.py changed, reloading. 266
2024-02-07 17:21:18,081 INFO Watching for file changes with StatReloader 668
2024-02-07 17:27:57,122 INFO C:\Users\kamal\OneDrive\Desktop\vechile rental system\rentalsystem\rentalsystem\settings.py changed, reloading. 266
2024-02-07 17:27:57,739 INFO Watching for file changes with StatReloader 668
2024-02-07 17:28:02,666 INFO C:\Users\kamal\OneDrive\Desktop\vechile rental system\rentalsystem\user\models.py changed, reloading. 266
2024-02-07 17:28:03,232 INFO Watching for file changes with StatReloader 668
